MPASM 5.83                          MAIN.ASM   6-4-2019  16:35:46         PAGE  1


LOC  OBJECT CODE     LINE SOURCE TEXT
  VALUE

                      00001     LIST P=18F4520
                      00002 #INCLUDE <P18F4520.INC>
                      00001         LIST
                      00002 
                      00003 ;==========================================================================
                      00004 ; Build date : Jan 21 2019
                      00005 ;  MPASM PIC18F4520 processor include
                      00006 ; 
                      00007 ;  (c) Copyright 1999-2019 Microchip Technology, All rights reserved
                      00008 ;==========================================================================
                      00009 
                      01489         LIST
                      00003     CONFIG OSC=HS
                      00004     CONFIG LVP=OFF
                      00005     CONFIG MCLRE = OFF
                      00006 ;    CONFIG     FCMEN = OFF ;disable fail safe clock monitor
                      00007 ;    CONFIG     IESO = OFF  ;disable internal/external switch over
                      00008 ;    CONFIG     PWRT = ON   ;power up timer on
                      00009 ;    CONFIG     BOREN = OFF ;disable brown out reset    
                      00010 ;    CONFIG     WDT = OFF   ;turn off WDT
                      00011 ;    CONFIG     MCLRE = OFF ;tie MCLR to Vdd, free up
                      00012 ;    CONFIG     PBADEN = OFF;port B<4:0> dare configured as digital I/O on
                      00013 ;    CONFIG     LVP = OFF   ;disable low voltage ICSP
                      00014 ;    CONFIG     XINST = OFF ;Extended instruction set disabled
                      00015     CBLOCK 0X00
  00000000            00016 CHUC
  00000001            00017 DONVI
  00000002            00018 DEM1
  00000003            00019 DEM2
  00000004            00020 DEMLAN1
  00000005            00021 ENABLE
  00000006            00022 ENABLE1
  00000007            00023 START
  00000008            00024 W_TEMP
  00000009            00025 STATUS_TEMP
                      00026     ENDC
                      00027 
                      00028     ORG 0X00
000000 EF?? F???      00029     GOTO MAIN
                      00030     ORG 0X08
000008 EF?? F???      00031     GOTO NGAT
00000C                00032 MAIN
00000C 6A95           00033     CLRF TRISD
00000E 6A94           00034     CLRF TRISC
000010 6A92           00035     CLRF TRISA
000012 0E07           00036     MOVLW 0X07
000014 6E93           00037     MOVWF TRISB
000016 0E0F           00038     MOVLW 0X0F
000018 6EC1           00039     MOVWF ADCON1
00001A 0E07           00040     MOVLW 0X07
00001C 6EB4           00041     MOVWF CMCON
00001E 8EF2           00042     BSF INTCON,7
000020 88F2           00043     BSF INTCON,4
MPASM 5.83                          MAIN.ASM   6-4-2019  16:35:46         PAGE  2


LOC  OBJECT CODE     LINE SOURCE TEXT
  VALUE

000022 9EF1           00044     BCF INTCON2,7
000024 9CF1           00045     BCF INTCON2,6
000026 86F0           00046     BSF INTCON3,3
000028 88F0           00047     BSF INTCON3,4
00002A 8ED5           00048     BSF T0CON,7
00002C 9CD5           00049     BCF T0CON,6
00002E 9AD5           00050     BCF T0CON,5
000030 96D5           00051     BCF T0CON,3
000032 84D5           00052     BSF T0CON,2
000034 92D5           00053     BCF T0CON,1
000036 90D5           00054     BCF T0CON,0
000038 6A95           00055     CLRF TRISD
00003A 6807           00056     SETF START
00003C 6805           00057     SETF ENABLE
00003E 6A06           00058     CLRF ENABLE1
000040 0E32           00059     MOVLW D'50'
000042 6E04           00060     MOVWF DEMLAN1
                      00061     
000044                00062 LOOP
000044 0EFF           00063     MOVLW 0XFF
000046 6207           00064     CPFSEQ START
000048 EF?? F???      00065     GOTO LOOP
                      00066 
00004C                00067 LOOP1
00004C 0E00           00068     MOVLW 0X00
00004E 6206           00069     CPFSEQ ENABLE1      ;ENABLE1 = 0XFF THI VAO CT CON LOOP2 DE HEIN THI DEN
000050 EF?? F???      00070     GOTO LOOP2
000054 0E00           00071     MOVLW D'0'
000056 6204           00072     CPFSEQ DEMLAN1
000058 EF?? F???      00073     GOTO DEMTHU1
00005C 9683           00074     BCF PORTD,3
                      00075 
00005E                00076 LOOP2
00005E EC?? F???      00077     CALL HIENTHI
000062 EC?? F???      00078     CALL SANGDEN
000066 EF?? F???      00079     GOTO LOOP1
                      00080 
00006A                00081 DEMTHU1
00006A 0604           00082     DECF DEMLAN1,1
00006C EF?? F???      00083     GOTO BATDEN
                      00084 
000070                00085 BATDEN
000070 8683           00086     BSF PORTD,3
000072 EF?? F???      00087     GOTO LOOP2
                      00088 
000076                00089 HIENTHI
000076 0EFF           00090     MOVLW 0XFF
000078 6207           00091     CPFSEQ START
00007A EF?? F???      00092     GOTO START1
00007E 5001           00093     MOVF DONVI,0
000080 EC?? F???      00094     CALL MANGMA
000084 6E02           00095     MOVWF DEM1
000086 5000           00096     MOVF CHUC,0
MPASM 5.83                          MAIN.ASM   6-4-2019  16:35:46         PAGE  3


LOC  OBJECT CODE     LINE SOURCE TEXT
  VALUE

000088 EC?? F???      00097     CALL MANGMA
00008C 6E03           00098     MOVWF DEM2
00008E 0E01           00099     MOVLW 0X01
000090 6E80           00100     MOVWF PORTA
000092 5002           00101     MOVF DEM1,0
000094 6E82           00102     MOVWF PORTC
000096 EC?? F???      00103     CALL DELAY
00009A 0E02           00104     MOVLW 0X02
00009C 6E80           00105     MOVWF PORTA
00009E 5003           00106     MOVF DEM2,0
0000A0 6E82           00107     MOVWF PORTC
0000A2 EC?? F???      00108     CALL DELAY
0000A6 0012           00109     RETURN
                      00110 
0000A8                00111 MANGMA
0000A8 26F9           00112     ADDWF PCL,1
0000AA 0CC0 0CF9 0CA4 00113     DT 0xC0, 0xF9, 0xA4, 0xB0, 0x99, 0x92, 0x82, 0xF8, 0x80, 0x90
       0CB0 0C99 0C92 
       0C82 0CF8 0C80 
       0C90 
                      00114 
0000BE                00115 START1
0000BE 6A00           00116     CLRF CHUC
0000C0 6A01           00117     CLRF DONVI
0000C2 6A80           00118     CLRF PORTA
0000C4 9083           00119     BCF PORTD,0
0000C6 9283           00120     BCF PORTD,1
0000C8 9483           00121     BCF PORTD,2
0000CA 0012           00122     RETURN
                      00123 
0000CC                00124 DELAY
0000CC 0EF9           00125     MOVLW 0XF9
0000CE 6ED7           00126     MOVWF TMR0H
0000D0 0EE5           00127     MOVLW 0XE5
0000D2 6ED6           00128     MOVWF TMR0L
0000D4 A4F2           00129     BTFSS INTCON,2
0000D6 EF?? F???      00130     GOTO $-2
0000DA 94F2           00131     BCF INTCON,2
0000DC 0012           00132     RETURN
                      00133 
0000DE                00134 NGAT
0000DE B2F2           00135     BTFSC INTCON,1
0000E0 EF?? F???      00136     GOTO NGAT_RB0
0000E4 B0F0           00137     BTFSC INTCON3,0
0000E6 EF?? F???      00138     GOTO NGAT_RB1
0000EA B2F0           00139     BTFSC INTCON3,1
0000EC EF?? F???      00140     GOTO NGAT_RB2
0000F0 0010           00141     RETFIE
                      00142 
0000F2                00143 NGAT_RB1  ; NGAT INT1
0000F2 1E07           00144     COMF START
0000F4 0EFF           00145     MOVLW 0XFF
0000F6 6207           00146     CPFSEQ START
MPASM 5.83                          MAIN.ASM   6-4-2019  16:35:46         PAGE  4


LOC  OBJECT CODE     LINE SOURCE TEXT
  VALUE

0000F8 EF?? F???      00147     GOTO RB1_OFF
0000FC 90F0           00148     BCF INTCON3,0
0000FE 0010           00149     RETFIE
                      00150 
000100                00151 RB1_OFF                
000100 9683           00152     BCF PORTD,3
000102 6805           00153     SETF ENABLE
000104 6A06           00154     CLRF ENABLE1
000106 90F0           00155     BCF INTCON3,0
000108 0010           00156     RETFIE
                      00157 
00010A                00158 NGAT_RB2 ; NGAT INT2
00010A 1E05           00159     COMF ENABLE
00010C 1E06           00160     COMF ENABLE1
00010E 8683           00161     BSF PORTD,3
000110 92F0           00162     BCF INTCON3,1
000112 0010           00163     RETFIE
                      00164 
000114                00165 NGAT_RB0        ;NGAT INT0
000114 6E08           00166     MOVWF W_TEMP
000116 CFD8 F009      00167     MOVFF STATUS,STATUS_TEMP
00011A 0EFF           00168     MOVLW 0XFF
00011C 6207           00169     CPFSEQ START                     
00011E EF?? F???      00170     GOTO THOAT1                       
000122 6205           00171     CPFSEQ ENABLE
000124 EF?? F???      00172     GOTO THOAT
000128 0E12           00173     MOVLW D'18'
00012A 6200           00174     CPFSEQ CHUC
00012C EF?? F???      00175     GOTO CAP_NHAT
000130 6201           00176     CPFSEQ DONVI
000132 EF?? F???      00177     GOTO CAP_NHAT
000136 EF?? F???      00178     GOTO THOAT
                      00179 
00013A                00180 CAP_NHAT
00013A 2A01           00181     INCF DONVI
00013C 2A01           00182     INCF DONVI
00013E 5001           00183     MOVF DONVI,0
000140 0A14           00184     XORLW D'20'
000142 A4D8           00185     BTFSS STATUS,Z
000144 EF?? F???      00186     GOTO THOAT
000148 6A01           00187     CLRF DONVI
00014A 2A00           00188     INCF CHUC
00014C 2A00           00189     INCF CHUC
00014E 5000           00190     MOVF CHUC,0
000150 0A14           00191     XORLW D'20'
000152 A4D8           00192     BTFSS STATUS,Z
000154 EF?? F???      00193     GOTO THOAT
                      00194 
000158                00195 THOAT
000158 EC?? F???      00196     CALL SANGDEN
00015C 8683           00197     BSF PORTD,3
00015E 0E32           00198     MOVLW D'50'
000160 6E04           00199     MOVWF DEMLAN1
MPASM 5.83                          MAIN.ASM   6-4-2019  16:35:46         PAGE  5


LOC  OBJECT CODE     LINE SOURCE TEXT
  VALUE

                      00200 
000162                00201 THOAT1
000162 5008           00202     MOVF W_TEMP,0
000164 C009 FFD8      00203     MOVFF STATUS_TEMP,STATUS
000168 92F2           00204     BCF INTCON,1
00016A 0010           00205     RETFIE
                      00206 
00016C                00207 SANGDEN
00016C 90D8           00208     BCF STATUS,C
00016E 0E02           00209     MOVLW D'2'
000170 5C00           00210     SUBWF CHUC,0
000172 A0D8           00211     BTFSS STATUS,C
000174 EF?? F???      00212     GOTO SANG0
000178 90D8           00213     BCF STATUS,C
00017A 0E04           00214     MOVLW D'4'
00017C 5C00           00215     SUBWF CHUC,0
00017E A0D8           00216     BTFSS STATUS,C
000180 EF?? F???      00217     GOTO SANG1
000184 90D8           00218     BCF STATUS,C
000186 0E06           00219     MOVLW D'6'
000188 5C00           00220     SUBWF CHUC,0
00018A A0D8           00221     BTFSS STATUS,C
00018C EF?? F???      00222     GOTO SANG2
000190 90D8           00223     BCF STATUS,C
000192 0E08           00224     MOVLW D'8'
000194 5C00           00225     SUBWF CHUC,0
000196 A0D8           00226     BTFSS STATUS,C
000198 EF?? F???      00227     GOTO SANG3
00019C 0012           00228     RETURN
                      00229 
00019E                00230 SANG0
00019E 9083           00231     BCF PORTD,0
0001A0 9283           00232     BCF PORTD,1
0001A2 9483           00233     BCF PORTD,2
0001A4 0012           00234     RETURN
                      00235 
0001A6                00236 SANG1
0001A6 8083           00237     BSF PORTD,0
0001A8 9283           00238     BCF PORTD,1
0001AA 9483           00239     BCF PORTD,2
0001AC 0012           00240     RETURN
                      00241 
0001AE                00242 SANG2
0001AE 9083           00243     BCF PORTD,0
0001B0 8283           00244     BSF PORTD,1
0001B2 9483           00245     BCF PORTD,2
0001B4 0012           00246     RETURN
                      00247 
0001B6                00248 SANG3
0001B6 9083           00249     BCF PORTD,0
0001B8 9283           00250     BCF PORTD,1
0001BA 8483           00251     BSF PORTD,2
0001BC 0012           00252     RETURN
MPASM 5.83                          MAIN.ASM   6-4-2019  16:35:46         PAGE  6


LOC  OBJECT CODE     LINE SOURCE TEXT
  VALUE

                      00253 
                      00254     END
MPASM 5.83                          MAIN.ASM   6-4-2019  16:35:46         PAGE  7


SYMBOL TABLE
  LABEL                             VALUE 

A                                 00000000
ABDEN                             00000000
ABDOVF                            00000007
ACCESS                            00000000
ACKDT                             00000005
ACKEN                             00000004
ACKSTAT                           00000006
ACQT0                             00000003
ACQT1                             00000004
ACQT2                             00000005
ADCON0                            00000FC2
ADCON1                            00000FC1
ADCON2                            00000FC0
ADCS0                             00000000
ADCS1                             00000001
ADCS2                             00000002
ADDEN                             00000003
ADEN                              00000003
ADFM                              00000007
ADIE                              00000006
ADIF                              00000006
ADIP                              00000006
ADMSK1                            00000001
ADMSK2                            00000002
ADMSK3                            00000003
ADMSK4                            00000004
ADMSK5                            00000005
ADON                              00000000
ADRES                             00000FC3
ADRESH                            00000FC4
ADRESL                            00000FC3
AN0                               00000000
AN1                               00000001
AN10                              00000001
AN11                              00000004
AN12                              00000000
AN2                               00000002
AN3                               00000003
AN4                               00000005
AN5                               00000000
AN6                               00000001
AN7                               00000002
AN8                               00000002
AN9                               00000003
BANKED                            00000001
BATDEN                            00000070
BAUDCON                           00000FB8
BAUDCTL                           00000FB8
BCLIE                             00000003
BCLIF                             00000003
BCLIP                             00000003
BF                                00000000
BGST                              00000005
MPASM 5.83                          MAIN.ASM   6-4-2019  16:35:46         PAGE  8


SYMBOL TABLE
  LABEL                             VALUE 

BOR                               00000000
BRG16                             00000003
BRGH                              00000002
BSR                               00000FE0
C                                 00000000
C1INV                             00000004
C1OUT_CMCON                       00000006
C1OUT_PORTA                       00000004
C2INV                             00000005
C2OUT_CMCON                       00000007
C2OUT_PORTA                       00000005
CAP_NHAT                          0000013A
CCP1                              00000002
CCP1CON                           00000FBD
CCP1IE                            00000002
CCP1IF                            00000002
CCP1IP                            00000002
CCP1M0                            00000000
CCP1M1                            00000001
CCP1M2                            00000002
CCP1M3                            00000003
CCP1X                             00000005
CCP1Y                             00000004
CCP2CON                           00000FBA
CCP2IE                            00000000
CCP2IF                            00000000
CCP2IP                            00000000
CCP2M0                            00000000
CCP2M1                            00000001
CCP2M2                            00000002
CCP2M3                            00000003
CCP2X                             00000005
CCP2Y                             00000004
CCP2_PORTB                        00000003
CCP2_PORTC                        00000001
CCPR1                             00000FBE
CCPR1H                            00000FBF
CCPR1L                            00000FBE
CCPR2                             00000FBB
CCPR2H                            00000FBC
CCPR2L                            00000FBB
CFGS                              00000006
CHS0                              00000002
CHS1                              00000003
CHS2                              00000004
CHS3                              00000005
CHUC                              00000000
CIS                               00000003
CK                                00000006
CKE                               00000006
CKP                               00000004
CLKI                              00000007
CLKO                              00000006
MPASM 5.83                          MAIN.ASM   6-4-2019  16:35:46         PAGE  9


SYMBOL TABLE
  LABEL                             VALUE 

CM0                               00000000
CM1                               00000001
CM2                               00000002
CMCON                             00000FB4
CMIE                              00000006
CMIF                              00000006
CMIP                              00000006
CREN                              00000004
CS                                00000002
CSRC                              00000007
CVR0                              00000000
CVR1                              00000001
CVR2                              00000002
CVR3                              00000003
CVRCON                            00000FB5
CVREF                             00000002
CVREN                             00000007
CVROE                             00000006
CVRR                              00000005
CVRSS                             00000004
D                                 00000005
DC                                00000001
DC1B0                             00000004
DC1B1                             00000005
DC2B0                             00000004
DC2B1                             00000005
DDRA                              TRISA
DDRB                              TRISB
DDRC                              TRISC
DDRD                              TRISD
DDRE                              TRISE
DELAY                             000000CC
DEM1                              00000002
DEM2                              00000003
DEMLAN1                           00000004
DEMTHU1                           0000006A
DONE                              00000001
DONVI                             00000001
D_A                               00000005
D_NOT_A                           00000005
ECCP1AS                           00000FB6
ECCP1DEL                          00000FB7
ECCPAS                            00000FB6
ECCPAS0                           00000004
ECCPAS1                           00000005
ECCPAS2                           00000006
ECCPASE                           00000007
EEADR                             00000FA9
EECON1                            00000FA6
EECON2                            00000FA7
EEDATA                            00000FA8
EEIE                              00000004
EEIF                              00000004
MPASM 5.83                          MAIN.ASM   6-4-2019  16:35:46         PAGE 10


SYMBOL TABLE
  LABEL                             VALUE 

EEIP                              00000004
EEPGD                             00000007
ENABLE                            00000005
ENABLE1                           00000006
FAST                              00000001
FERR                              00000002
FLT0                              00000000
FLTS                              00000002
FREE                              00000004
FSR0                              00000000
FSR0H                             00000FEA
FSR0L                             00000FE9
FSR1                              00000001
FSR1H                             00000FE2
FSR1L                             00000FE1
FSR2                              00000002
FSR2H                             00000FDA
FSR2L                             00000FD9
GCEN                              00000007
GIE                               00000007
GIEH                              00000007
GIEL                              00000006
GIE_GIEH                          00000007
GO                                00000001
GO_DONE                           00000001
GO_NOT_DONE                       00000001
HIENTHI                           00000076
HLVDCON                           00000FD2
HLVDEN                            00000004
HLVDIE                            00000002
HLVDIF                            00000002
HLVDIN                            00000005
HLVDIP                            00000002
HLVDL0                            00000000
HLVDL1                            00000001
HLVDL2                            00000002
HLVDL3                            00000003
IBF                               00000007
IBOV                              00000005
IDLEN                             00000007
INDF0                             00000FEF
INDF1                             00000FE7
INDF2                             00000FDF
INT0                              00000000
INT0E                             00000004
INT0F                             00000001
INT0IE                            00000004
INT0IF                            00000001
INT1                              00000001
INT1E                             00000003
INT1F                             00000000
INT1IE                            00000003
INT1IF                            00000000
MPASM 5.83                          MAIN.ASM   6-4-2019  16:35:46         PAGE 11


SYMBOL TABLE
  LABEL                             VALUE 

INT1IP                            00000006
INT1P                             00000006
INT2                              00000002
INT2E                             00000004
INT2F                             00000001
INT2IE                            00000004
INT2IF                            00000001
INT2IP                            00000007
INT2P                             00000007
INTCON                            00000FF2
INTCON2                           00000FF1
INTCON3                           00000FF0
INTEDG0                           00000006
INTEDG1                           00000005
INTEDG2                           00000004
INTSRC                            00000007
IOFS                              00000002
IPEN                              00000007
IPR1                              00000F9F
IPR2                              00000FA2
IRCF0                             00000004
IRCF1                             00000005
IRCF2                             00000006
IRVST                             00000005
IVRST                             00000005
KBI0                              00000004
KBI1                              00000005
KBI2                              00000006
KBI3                              00000007
LATA                              00000F89
LATA0                             00000000
LATA1                             00000001
LATA2                             00000002
LATA3                             00000003
LATA4                             00000004
LATA5                             00000005
LATA6                             00000006
LATA7                             00000007
LATB                              00000F8A
LATB0                             00000000
LATB1                             00000001
LATB2                             00000002
LATB3                             00000003
LATB4                             00000004
LATB5                             00000005
LATB6                             00000006
LATB7                             00000007
LATC                              00000F8B
LATC0                             00000000
LATC1                             00000001
LATC2                             00000002
LATC3                             00000003
LATC4                             00000004
MPASM 5.83                          MAIN.ASM   6-4-2019  16:35:46         PAGE 12


SYMBOL TABLE
  LABEL                             VALUE 

LATC5                             00000005
LATC6                             00000006
LATC7                             00000007
LATD                              00000F8C
LATD0                             00000000
LATD1                             00000001
LATD2                             00000002
LATD3                             00000003
LATD4                             00000004
LATD5                             00000005
LATD6                             00000006
LATD7                             00000007
LATE                              00000F8D
LATE0                             00000000
LATE1                             00000001
LATE2                             00000002
LOOP                              00000044
LOOP1                             0000004C
LOOP2                             0000005E
LVDCON                            00000FD2
LVDEN                             00000004
LVDIE                             00000002
LVDIF                             00000002
LVDIN                             00000005
LVDIP                             00000002
LVDL0                             00000000
LVDL1                             00000001
LVDL2                             00000002
LVDL3                             00000003
LVV0                              00000000
LVV1                              00000001
LVV2                              00000002
LVV3                              00000003
MAIN                              0000000C
MANGMA                            000000A8
MCLR                              00000003
N                                 00000004
NGAT                              000000DE
NGAT_RB0                          00000114
NGAT_RB1                          000000F2
NGAT_RB2                          0000010A
NOT_A                             00000005
NOT_ADDRESS                       00000005
NOT_BOR                           00000000
NOT_CS                            00000002
NOT_DONE                          00000001
NOT_MCLR                          00000003
NOT_PD                            00000002
NOT_POR                           00000001
NOT_RBPU                          00000007
NOT_RD                            00000000
NOT_RI                            00000004
NOT_SS                            00000005
MPASM 5.83                          MAIN.ASM   6-4-2019  16:35:46         PAGE 13


SYMBOL TABLE
  LABEL                             VALUE 

NOT_T1SYNC                        00000002
NOT_T3SYNC                        00000002
NOT_TO                            00000003
NOT_W                             00000002
NOT_WR                            00000001
NOT_WRITE                         00000002
OBF                               00000006
OERR                              00000001
OSC1                              00000007
OSC2                              00000006
OSCCON                            00000FD3
OSCFIE                            00000007
OSCFIF                            00000007
OSCFIP                            00000007
OSCTUNE                           00000F9B
OSTS                              00000003
OV                                00000003
P                                 00000004
P1A                               00000002
P1B                               00000005
P1C                               00000006
P1D                               00000007
P1M0                              00000006
P1M1                              00000007
PC                                00000FF9
PCFG0                             00000000
PCFG1                             00000001
PCFG2                             00000002
PCFG3                             00000003
PCL                               00000FF9
PCLATH                            00000FFA
PCLATU                            00000FFB
PD                                00000002
PDC0                              00000000
PDC1                              00000001
PDC2                              00000002
PDC3                              00000003
PDC4                              00000004
PDC5                              00000005
PDC6                              00000006
PEIE                              00000006
PEIE_GIEL                         00000006
PEN                               00000002
PGC                               00000006
PGD                               00000007
PGM                               00000005
PIE1                              00000F9D
PIE2                              00000FA0
PIR1                              00000F9E
PIR2                              00000FA1
PLLEN                             00000006
PLUSW0                            00000FEB
PLUSW1                            00000FE3
MPASM 5.83                          MAIN.ASM   6-4-2019  16:35:46         PAGE 14


SYMBOL TABLE
  LABEL                             VALUE 

PLUSW2                            00000FDB
POR                               00000001
PORTA                             00000F80
PORTB                             00000F81
PORTC                             00000F82
PORTD                             00000F83
PORTE                             00000F84
POSTDEC0                          00000FED
POSTDEC1                          00000FE5
POSTDEC2                          00000FDD
POSTINC0                          00000FEE
POSTINC1                          00000FE6
POSTINC2                          00000FDE
PR2                               00000FCB
PREINC0                           00000FEC
PREINC1                           00000FE4
PREINC2                           00000FDC
PROD                              00000FF3
PRODH                             00000FF4
PRODL                             00000FF3
PRSEN                             00000007
PSA                               00000003
PSP0                              00000000
PSP1                              00000001
PSP2                              00000002
PSP3                              00000003
PSP4                              00000004
PSP5                              00000005
PSP6                              00000006
PSP7                              00000007
PSPIE                             00000007
PSPIF                             00000007
PSPIP                             00000007
PSPMODE                           00000004
PSSAC0                            00000002
PSSAC1                            00000003
PSSBD0                            00000000
PSSBD1                            00000001
PWM1CON                           00000FB7
R                                 00000002
RA0                               00000000
RA1                               00000001
RA2                               00000002
RA3                               00000003
RA4                               00000004
RA5                               00000005
RA6                               00000006
RA7                               00000007
RB0                               00000000
RB1                               00000001
RB1_OFF                           00000100
RB2                               00000002
RB3                               00000003
MPASM 5.83                          MAIN.ASM   6-4-2019  16:35:46         PAGE 15


SYMBOL TABLE
  LABEL                             VALUE 

RB4                               00000004
RB5                               00000005
RB6                               00000006
RB7                               00000007
RBIE                              00000003
RBIF                              00000000
RBIP                              00000000
RBPU                              00000007
RC0                               00000000
RC1                               00000001
RC2                               00000002
RC3                               00000003
RC4                               00000004
RC5                               00000005
RC6                               00000006
RC7                               00000007
RCEN                              00000003
RCIDL                             00000006
RCIE                              00000005
RCIF                              00000005
RCIP                              00000005
RCMT                              00000006
RCON                              00000FD0
RCREG                             00000FAE
RCSTA                             00000FAB
RD                                00000000
RD0                               00000000
RD1                               00000001
RD16                              00000007
RD2                               00000002
RD3                               00000003
RD4                               00000004
RD5                               00000005
RD6                               00000006
RD7                               00000007
RE0                               00000000
RE1                               00000001
RE2                               00000002
RE3                               00000003
RI                                00000004
RSEN                              00000001
RX                                00000007
RX9                               00000006
RX9D                              00000000
RXDTP                             00000005
R_NOT_W                           00000002
R_W                               00000002
S                                 00000003
SANG0                             0000019E
SANG1                             000001A6
SANG2                             000001AE
SANG3                             000001B6
SANGDEN                           0000016C
MPASM 5.83                          MAIN.ASM   6-4-2019  16:35:46         PAGE 16


SYMBOL TABLE
  LABEL                             VALUE 

SBOREN                            00000006
SCK                               00000003
SCKP                              00000004
SCL                               00000003
SCS0                              00000000
SCS1                              00000001
SDA                               00000004
SDI                               00000004
SDO                               00000005
SEN                               00000000
SENDB                             00000003
SMP                               00000007
SP0                               00000000
SP1                               00000001
SP2                               00000002
SP3                               00000003
SP4                               00000004
SPBRG                             00000FAF
SPBRGH                            00000FB0
SPEN                              00000007
SREN                              00000005
SS                                00000005
SSPADD                            00000FC8
SSPBUF                            00000FC9
SSPCON1                           00000FC6
SSPCON2                           00000FC5
SSPEN                             00000005
SSPIE                             00000003
SSPIF                             00000003
SSPIP                             00000003
SSPM0                             00000000
SSPM1                             00000001
SSPM2                             00000002
SSPM3                             00000003
SSPOV                             00000006
SSPSTAT                           00000FC7
START                             00000007
START1                            000000BE
STATUS                            00000FD8
STATUS_TEMP                       00000009
STKFUL                            00000007
STKOVF                            00000007
STKPTR                            00000FFC
STKUNF                            00000006
SWDTE                             00000000
SWDTEN                            00000000
SYNC                              00000004
T016BIT                           00000006
T08BIT                            00000006
T0CKI                             00000004
T0CON                             00000FD5
T0CS                              00000005
T0IE                              00000005
MPASM 5.83                          MAIN.ASM   6-4-2019  16:35:46         PAGE 17


SYMBOL TABLE
  LABEL                             VALUE 

T0IF                              00000002
T0PS0                             00000000
T0PS1                             00000001
T0PS2                             00000002
T0PS3                             00000003
T0SE                              00000004
T13CKI                            00000000
T1CKI                             00000000
T1CKPS0                           00000004
T1CKPS1                           00000005
T1CON                             00000FCD
T1OSCEN                           00000003
T1OSI                             00000001
T1OSO                             00000000
T1RUN                             00000006
T1SYNC                            00000002
T2CKPS0                           00000000
T2CKPS1                           00000001
T2CON                             00000FCA
T2OUTPS0                          00000003
T2OUTPS1                          00000004
T2OUTPS2                          00000005
T2OUTPS3                          00000006
T3CCP1                            00000003
T3CCP2                            00000006
T3CKPS0                           00000004
T3CKPS1                           00000005
T3CON                             00000FB1
T3SYNC                            00000002
TABLAT                            00000FF5
TBLPTR                            00000FF6
TBLPTRH                           00000FF7
TBLPTRL                           00000FF6
TBLPTRU                           00000FF8
THOAT                             00000158
THOAT1                            00000162
TMR0                              00000FD6
TMR0H                             00000FD7
TMR0IE                            00000005
TMR0IF                            00000002
TMR0IP                            00000002
TMR0L                             00000FD6
TMR0ON                            00000007
TMR1                              00000FCE
TMR1CS                            00000001
TMR1H                             00000FCF
TMR1IE                            00000000
TMR1IF                            00000000
TMR1IP                            00000000
TMR1L                             00000FCE
TMR1ON                            00000000
TMR2                              00000FCC
TMR2IE                            00000001
MPASM 5.83                          MAIN.ASM   6-4-2019  16:35:46         PAGE 18


SYMBOL TABLE
  LABEL                             VALUE 

TMR2IF                            00000001
TMR2IP                            00000001
TMR2ON                            00000002
TMR3                              00000FB2
TMR3CS                            00000001
TMR3H                             00000FB3
TMR3IE                            00000001
TMR3IF                            00000001
TMR3IP                            00000001
TMR3L                             00000FB2
TMR3ON                            00000000
TO                                00000003
TOS                               00000FFD
TOSH                              00000FFE
TOSL                              00000FFD
TOSU                              00000FFF
TOUTPS0                           00000003
TOUTPS1                           00000004
TOUTPS2                           00000005
TOUTPS3                           00000006
TRISA                             00000F92
TRISA0                            00000000
TRISA1                            00000001
TRISA2                            00000002
TRISA3                            00000003
TRISA4                            00000004
TRISA5                            00000005
TRISA6                            00000006
TRISA7                            00000007
TRISB                             00000F93
TRISB0                            00000000
TRISB1                            00000001
TRISB2                            00000002
TRISB3                            00000003
TRISB4                            00000004
TRISB5                            00000005
TRISB6                            00000006
TRISB7                            00000007
TRISC                             00000F94
TRISC0                            00000000
TRISC1                            00000001
TRISC2                            00000002
TRISC3                            00000003
TRISC4                            00000004
TRISC5                            00000005
TRISC6                            00000006
TRISC7                            00000007
TRISD                             00000F95
TRISD0                            00000000
TRISD1                            00000001
TRISD2                            00000002
TRISD3                            00000003
TRISD4                            00000004
MPASM 5.83                          MAIN.ASM   6-4-2019  16:35:46         PAGE 19


SYMBOL TABLE
  LABEL                             VALUE 

TRISD5                            00000005
TRISD6                            00000006
TRISD7                            00000007
TRISE                             00000F96
TRISE0                            00000000
TRISE1                            00000001
TRISE2                            00000002
TRMT                              00000001
TUN0                              00000000
TUN1                              00000001
TUN2                              00000002
TUN3                              00000003
TUN4                              00000004
TX                                00000006
TX9                               00000006
TX9D                              00000000
TXCKP                             00000004
TXEN                              00000005
TXIE                              00000004
TXIF                              00000004
TXIP                              00000004
TXREG                             00000FAD
TXSTA                             00000FAC
UA                                00000001
VCFG0                             00000004
VCFG1                             00000005
VDIRMAG                           00000007
VPP                               00000003
VREFN                             00000002
VREFP                             00000003
W                                 00000000
WCOL                              00000007
WDTCON                            00000FD1
WR                                00000001
WREG                              00000FE8
WREN                              00000002
WRERR                             00000003
WUE                               00000001
W_TEMP                            00000008
Z                                 00000002
_.org_1_00D6                      000000D6
_BOREN_NOSLP_2L                   000000FD
_BOREN_OFF_2L                     000000F9
_BOREN_ON_2L                      000000FB
_BOREN_SBORDIS_2L                 000000FF
_BORV_0_2L                        000000E7
_BORV_1_2L                        000000EF
_BORV_2_2L                        000000F7
_BORV_3_2L                        000000FF
_CCP2MX_PORTBE_3H                 000000FE
_CCP2MX_PORTC_3H                  000000FF
_CONFIG1H                         00300001
_CONFIG2H                         00300003
MPASM 5.83                          MAIN.ASM   6-4-2019  16:35:46         PAGE 20


SYMBOL TABLE
  LABEL                             VALUE 

_CONFIG2L                         00300002
_CONFIG3H                         00300005
_CONFIG4L                         00300006
_CONFIG5H                         00300009
_CONFIG5L                         00300008
_CONFIG6H                         0030000B
_CONFIG6L                         0030000A
_CONFIG7H                         0030000D
_CONFIG7L                         0030000C
_CP0_OFF_5L                       000000FF
_CP0_ON_5L                        000000FE
_CP1_OFF_5L                       000000FF
_CP1_ON_5L                        000000FD
_CP2_OFF_5L                       000000FF
_CP2_ON_5L                        000000FB
_CP3_OFF_5L                       000000FF
_CP3_ON_5L                        000000F7
_CPB_OFF_5H                       000000FF
_CPB_ON_5H                        000000BF
_CPD_OFF_5H                       000000FF
_CPD_ON_5H                        0000007F
_DEBUG_OFF_4L                     000000FF
_DEBUG_ON_4L                      0000007F
_DEVID1                           003FFFFE
_DEVID2                           003FFFFF
_EBTR0_OFF_7L                     000000FF
_EBTR0_ON_7L                      000000FE
_EBTR1_OFF_7L                     000000FF
_EBTR1_ON_7L                      000000FD
_EBTR2_OFF_7L                     000000FF
_EBTR2_ON_7L                      000000FB
_EBTR3_OFF_7L                     000000FF
_EBTR3_ON_7L                      000000F7
_EBTRB_OFF_7H                     000000FF
_EBTRB_ON_7H                      000000BF
_FCMEN_OFF_1H                     000000BF
_FCMEN_ON_1H                      000000FF
_IDLOC0                           00200000
_IDLOC1                           00200001
_IDLOC2                           00200002
_IDLOC3                           00200003
_IDLOC4                           00200004
_IDLOC5                           00200005
_IDLOC6                           00200006
_IDLOC7                           00200007
_IESO_OFF_1H                      0000007F
_IESO_ON_1H                       000000FF
_LPT1OSC_OFF_3H                   000000FB
_LPT1OSC_ON_3H                    000000FF
_LVP_OFF_4L                       000000FB
_LVP_ON_4L                        000000FF
_MCLRE_OFF_3H                     0000007F
_MCLRE_ON_3H                      000000FF
MPASM 5.83                          MAIN.ASM   6-4-2019  16:35:46         PAGE 21


SYMBOL TABLE
  LABEL                             VALUE 

_OSC_ECIO6_1H                     000000F5
_OSC_EC_1H                        000000F4
_OSC_HSPLL_1H                     000000F6
_OSC_HS_1H                        000000F2
_OSC_INTIO67_1H                   000000F8
_OSC_INTIO7_1H                    000000F9
_OSC_LP_1H                        000000F0
_OSC_RCIO6_1H                     000000F7
_OSC_RC_1H                        000000F3
_OSC_XT_1H                        000000F1
_PBADEN_OFF_3H                    000000FD
_PBADEN_ON_3H                     000000FF
_PWRT_OFF_2L                      000000FF
_PWRT_ON_2L                       000000FE
_STVREN_OFF_4L                    000000FE
_STVREN_ON_4L                     000000FF
_WDTPS_1024_2H                    000000F5
_WDTPS_128_2H                     000000EF
_WDTPS_16384_2H                   000000FD
_WDTPS_16_2H                      000000E9
_WDTPS_1_2H                       000000E1
_WDTPS_2048_2H                    000000F7
_WDTPS_256_2H                     000000F1
_WDTPS_2_2H                       000000E3
_WDTPS_32768_2H                   000000FF
_WDTPS_32_2H                      000000EB
_WDTPS_4096_2H                    000000F9
_WDTPS_4_2H                       000000E5
_WDTPS_512_2H                     000000F3
_WDTPS_64_2H                      000000ED
_WDTPS_8192_2H                    000000FB
_WDTPS_8_2H                       000000E7
_WDT_OFF_2H                       000000FE
_WDT_ON_2H                        000000FF
_WRT0_OFF_6L                      000000FF
_WRT0_ON_6L                       000000FE
_WRT1_OFF_6L                      000000FF
_WRT1_ON_6L                       000000FD
_WRT2_OFF_6L                      000000FF
_WRT2_ON_6L                       000000FB
_WRT3_OFF_6L                      000000FF
_WRT3_ON_6L                       000000F7
_WRTB_OFF_6H                      000000FF
_WRTB_ON_6H                       000000BF
_WRTC_OFF_6H                      000000FF
_WRTC_ON_6H                       000000DF
_WRTD_OFF_6H                      000000FF
_WRTD_ON_6H                       0000007F
_XINST_OFF_4L                     000000BF
_XINST_ON_4L                      000000FF
__18F4520                         00000001

MPASM 5.83                          MAIN.ASM   6-4-2019  16:35:46         PAGE 22





Errors   :     0
Warnings :     0 reported,     0 suppressed
Messages :     0 reported,     0 suppressed

